[
  {
    "level": "INFO",
    "message": "android.ndkVersion from module build.gradle is not set"
  },
  {
    "level": "INFO",
    "message": "ndk.dir in local.properties is not set"
  },
  {
    "level": "INFO",
    "message": "ANDROID_NDK_HOME environment variable is C:\\Users\\ranxk\\AppData\\Local\\Android\\Sdk\\ndk\\27.0.12077973"
  },
  {
    "level": "INFO",
    "message": "sdkFolder is C:\\Users\\ranxk\\AppData\\Local\\Android\\Sdk"
  },
  {
    "level": "WARN",
    "message": "Support for ANDROID_NDK_HOME is deprecated and will be removed in the future. Use android.ndkVersion in build.gradle instead."
  },
  {
    "level": "INFO",
    "message": "Considering C:\\Users\\ranxk\\AppData\\Local\\Android\\Sdk\\ndk\\27.0.12077973 by ANDROID_NDK_HOME"
  },
  {
    "level": "INFO",
    "message": "Considering C:\\Users\\ranxk\\AppData\\Local\\Android\\Sdk\\ndk-bundle in SDK ndk-bundle folder"
  },
  {
    "level": "INFO",
    "message": "Considering C:\\Users\\ranxk\\AppData\\Local\\Android\\Sdk\\ndk\\27.0.12077973 in SDK ndk folder"
  },
  {
    "level": "INFO",
    "message": "Rejected C:\\Users\\ranxk\\AppData\\Local\\Android\\Sdk\\ndk-bundle in SDK ndk-bundle folder because that location has no source.properties"
  },
  {
    "level": "INFO",
    "message": "No user requested version, choosing C:\\Users\\ranxk\\AppData\\Local\\Android\\Sdk\\ndk\\27.0.12077973 which is version 27.0.12077973"
  }
]